Android-2015/第十一讲、Android Content Provider，Broadcast Receiver与Service/Components/app/build/outputs/logs/manifest-merger-debug-report.txt
-- Merging decision tree log ---
manifest
ADDED from src/main/AndroidManifest.xml:2:1-87:12
	package
		ADDED from src/main/AndroidManifest.xml:3:5-32
		INJECTED from src/main/AndroidManifest.xml
		INJECTED from src/main/AndroidManifest.xml
	android:versionName
		ADDED from src/main/AndroidManifest.xml:5:5-30
		INJECTED from src/main/AndroidManifest.xml
		INJECTED from src/main/AndroidManifest.xml
	android:versionCode
		ADDED from src/main/AndroidManifest.xml:4:5-28
		INJECTED from src/main/AndroidManifest.xml
		INJECTED from src/main/AndroidManifest.xml
	xmlns:android
		ADDED from src/main/AndroidManifest.xml:2:11-69
uses-sdk
ADDED from src/main/AndroidManifest.xml:7:5-9:41
MERGED from [com.android.support:appcompat-v7:22.2.1] AndroidManifest.xml:20:5-43
MERGED from [com.android.support:support-v4:22.2.1] AndroidManifest.xml:20:5-43
MERGED from [com.android.support:support-v4:22.2.1] AndroidManifest.xml:20:5-43
	android:targetSdkVersion
		ADDED from src/main/AndroidManifest.xml:9:9-38
		INJECTED from src/main/AndroidManifest.xml
		INJECTED from src/main/AndroidManifest.xml
	android:minSdkVersion
		ADDED from src/main/AndroidManifest.xml:8:9-34
		INJECTED from src/main/AndroidManifest.xml
		INJECTED from src/main/AndroidManifest.xml
permission#com.ht.providers.myprovider.ACCESS
ADDED from src/main/AndroidManifest.xml:11:5-14:44
	android:label
		ADDED from src/main/AndroidManifest.xml:13:9-52
	android:protectionLevel
		ADDED from src/main/AndroidManifest.xml:14:9-41
	android:name
		ADDED from src/main/AndroidManifest.xml:12:9-58
uses-permission#android.permission.READ_CONTACTS
ADDED from src/main/AndroidManifest.xml:16:5-72
	android:name
		ADDED from src/main/AndroidManifest.xml:16:22-69
uses-permission#android.permission.READ_SMS
ADDED from src/main/AndroidManifest.xml:17:5-67
	android:name
		ADDED from src/main/AndroidManifest.xml:17:22-64
uses-permission#android.permission.CALL_PHONE
ADDED from src/main/AndroidManifest.xml:18:5-69
	android:name
		ADDED from src/main/AndroidManifest.xml:18:22-66
uses-permission#com.ht.providers.myprovider.ACCESS
ADDED from src/main/AndroidManifest.xml:19:5-74
	android:name
		ADDED from src/main/AndroidManifest.xml:19:22-71
uses-permission#android.permission.RECEIVE_SMS
ADDED from src/main/AndroidManifest.xml:20:5-70
	android:name
		ADDED from src/main/AndroidManifest.xml:20:22-67
uses-permission#android.permission.READ_PHONE_STATE
ADDED from src/main/AndroidManifest.xml:21:5-75
	android:name
		ADDED from src/main/AndroidManifest.xml:21:22-72
uses-permission#android.permission.PROCESS_OUTGOING_CALLS
ADDED from src/main/AndroidManifest.xml:22:5-81
	android:name
		ADDED from src/main/AndroidManifest.xml:22:22-78
uses-permission#android.permission.RECEIVE_BOOT_COMPLETED
ADDED from src/main/AndroidManifest.xml:23:5-81
	android:name
		ADDED from src/main/AndroidManifest.xml:23:22-78
application
ADDED from src/main/AndroidManifest.xml:25:5-85:19
MERGED from [com.android.support:appcompat-v7:22.2.1] AndroidManifest.xml:22:5-20
MERGED from [com.android.support:support-v4:22.2.1] AndroidManifest.xml:22:5-20
MERGED from [com.android.support:support-v4:22.2.1] AndroidManifest.xml:22:5-20
	android:label
		ADDED from src/main/AndroidManifest.xml:28:9-41
	android:allowBackup
		ADDED from src/main/AndroidManifest.xml:26:9-35
	android:icon
		ADDED from src/main/AndroidManifest.xml:27:9-45
	android:theme
		ADDED from src/main/AndroidManifest.xml:29:9-40
activity#com.ht.components.MainActivity
ADDED from src/main/AndroidManifest.xml:30:9-38:20
	android:label
		ADDED from src/main/AndroidManifest.xml:32:13-45
	android:name
		ADDED from src/main/AndroidManifest.xml:31:13-41
intent-filter#android.intent.action.MAIN+android.intent.category.LAUNCHER
ADDED from src/main/AndroidManifest.xml:33:13-37:29
action#android.intent.action.MAIN
ADDED from src/main/AndroidManifest.xml:34:17-69
	android:name
		ADDED from src/main/AndroidManifest.xml:34:25-66
category#android.intent.category.LAUNCHER
ADDED from src/main/AndroidManifest.xml:36:17-77
	android:name
		ADDED from src/main/AndroidManifest.xml:36:27-74
activity#com.ht.components.ContactsActivity
ADDED from src/main/AndroidManifest.xml:39:9-42:20
	android:label
		ADDED from src/main/AndroidManifest.xml:41:13-60
	android:name
		ADDED from src/main/AndroidManifest.xml:40:13-45
activity#com.ht.components.SmsActivity
ADDED from src/main/AndroidManifest.xml:43:9-46:20
	android:label
		ADDED from src/main/AndroidManifest.xml:45:13-55
	android:name
		ADDED from src/main/AndroidManifest.xml:44:13-40
provider#com.ht.providers.MyProvider
ADDED from src/main/AndroidManifest.xml:48:9-50:65
	android:authorities
		ADDED from src/main/AndroidManifest.xml:50:13-62
	android:name
		ADDED from src/main/AndroidManifest.xml:49:13-55
receiver#com.ht.receivers.MyReceiver
ADDED from src/main/AndroidManifest.xml:52:9-72:20
	android:enabled
		ADDED from src/main/AndroidManifest.xml:54:13-35
	android:name
		ADDED from src/main/AndroidManifest.xml:53:13-55
intent-filter#android.provider.Telephony.SMS_RECEIVED
ADDED from src/main/AndroidManifest.xml:55:13-57:29
	android:priority
		ADDED from src/main/AndroidManifest.xml:55:28-51
action#android.provider.Telephony.SMS_RECEIVED
ADDED from src/main/AndroidManifest.xml:56:17-82
	android:name
		ADDED from src/main/AndroidManifest.xml:56:25-79
intent-filter#android.intent.action.PHONE_STATE
ADDED from src/main/AndroidManifest.xml:58:13-60:29
action#android.intent.action.PHONE_STATE
ADDED from src/main/AndroidManifest.xml:59:17-76
	android:name
		ADDED from src/main/AndroidManifest.xml:59:25-73
intent-filter#android.intent.action.NEW_OUTGOING_CALL
ADDED from src/main/AndroidManifest.xml:61:13-63:29
action#android.intent.action.NEW_OUTGOING_CALL
ADDED from src/main/AndroidManifest.xml:62:17-82
	android:name
		ADDED from src/main/AndroidManifest.xml:62:25-79
intent-filter#android.intent.action.BOOT_COMPLETED
ADDED from src/main/AndroidManifest.xml:64:13-66:29
action#android.intent.action.BOOT_COMPLETED
ADDED from src/main/AndroidManifest.xml:65:17-79
	android:name
		ADDED from src/main/AndroidManifest.xml:65:25-76
intent-filter#com.ht.action.CUSTOMIZE+com.ht.category.CUSTOMIZE
ADDED from src/main/AndroidManifest.xml:67:13-71:29
action#com.ht.action.CUSTOMIZE
ADDED from src/main/AndroidManifest.xml:68:17-66
	android:name
		ADDED from src/main/AndroidManifest.xml:68:25-63
category#com.ht.category.CUSTOMIZE
ADDED from src/main/AndroidManifest.xml:70:17-70
	android:name
		ADDED from src/main/AndroidManifest.xml:70:27-67
service#com.ht.services.MyService
ADDED from src/main/AndroidManifest.xml:74:9-76:38
	android:enabled
		ADDED from src/main/AndroidManifest.xml:76:13-35
	android:name
		ADDED from src/main/AndroidManifest.xml:75:13-53
service#com.ht.services.MusicService
ADDED from src/main/AndroidManifest.xml:77:9-79:38
	android:enabled
		ADDED from src/main/AndroidManifest.xml:79:13-35
	android:name
		ADDED from src/main/AndroidManifest.xml:78:13-56
activity#com.ht.components.MusicActivity
ADDED from src/main/AndroidManifest.xml:81:9-84:20
	android:label
		ADDED from src/main/AndroidManifest.xml:83:13-57
	android:name
		ADDED from src/main/AndroidManifest.xml:82:13-42